<?xml version="1.0" encoding="UTF-8"?>
<coverage generated="1752174507988" clover="3.2.0">
  <project timestamp="1752174507988" name="All files">
    <metrics statements="9" coveredstatements="6" conditionals="0" coveredconditionals="0" methods="5" coveredmethods="2" elements="14" coveredelements="8" complexity="0" loc="9" ncloc="9" packages="1" files="2" classes="2"/>
    <file name="user.model.ts" path="/home/usmankhandev/senior-fullstack-dev/angular-projects/chatterly/server/src/features/users/user.model.ts">
      <metrics statements="2" coveredstatements="2" conditionals="0" coveredconditionals="0" methods="0" coveredmethods="0"/>
      <line num="1" count="2" type="stmt"/>
      <line num="3" count="2" type="stmt"/>
    </file>
    <file name="user.service.ts" path="/home/usmankhandev/senior-fullstack-dev/angular-projects/chatterly/server/src/features/users/user.service.ts">
      <metrics statements="7" coveredstatements="4" conditionals="0" coveredconditionals="0" methods="5" coveredmethods="2"/>
      <line num="1" count="2" type="stmt"/>
      <line num="3" count="2" type="stmt"/>
      <line num="9" count="2" type="stmt"/>
      <line num="13" count="2" type="stmt"/>
      <line num="17" count="0" type="stmt"/>
      <line num="23" count="0" type="stmt"/>
      <line num="32" count="0" type="stmt"/>
    </file>
  </project>
</coverage>
